#
# A fatal error has been detected by the Java Runtime Environment:
#
#  Internal Error (utilities/concurrentHashTable.inline.hpp:680), pid=4976, tid=13976
#  fatal error: aux_index does not match even or odd indices
#
# JRE version: Java(TM) SE Runtime Environment (19.0.1+10) (build 19.0.1+10-21)
# Java VM: Java HotSpot(TM) 64-Bit Server VM (19.0.1+10-21, mixed mode, emulated-client, sharing, tiered, compressed oops, compressed class ptrs, g1 gc, windows-amd64)
# No core dump will be written. Minidumps are not enabled by default on client versions of Windows
#
# If you would like to submit a bug report, please visit:
#   https://bugreport.java.com/bugreport/crash.jsp
#

---------------  S U M M A R Y ------------

Command Line: -Duser.country=PL -Duser.language=pl -XX:TieredStopAtLevel=1 -Dspring.profiles.active=dev -Dspring.output.ansi.enabled=always -Dcom.sun.management.jmxremote -Dspring.jmx.enabled=true -Dspring.liveBeansView.mbeanDomain -Dspring.application.admin.enabled=true -Dmanagement.endpoints.jmx.exposure.include=* -javaagent:C:\Program Files\JetBrains\IntelliJ IDEA 2023.2.5\lib\idea_rt.jar=52385:C:\Program Files\JetBrains\IntelliJ IDEA 2023.2.5\bin -Dfile.encoding=UTF-8 -Dsun.stdout.encoding=UTF-8 -Dsun.stderr.encoding=UTF-8 com.example.recipes.RecipesApplication

Host: Intel(R) Core(TM) i5-8400 CPU @ 2.80GHz, 6 cores, 15G,  Windows 10 , 64 bit Build 19041 (10.0.19041.4597)
Time: Fri Jul 19 13:13:43 2024  Windows 10 , 64 bit Build 19041 (10.0.19041.4597) elapsed time: 112.039109 seconds (0d 0h 1m 52s)

---------------  T H R E A D  ---------------

Current thread (0x00000276a24eaf60):  JavaThread "Service Thread" daemon [_thread_in_vm, id=13976, stack(0x0000007fe8700000,0x0000007fe8800000)]

Stack: [0x0000007fe8700000,0x0000007fe8800000]
Native frames: (J=compiled Java code, j=interpreted, Vv=VM code, C=native code)
V  [jvm.dll+0x6ee8fa]
V  [jvm.dll+0x857a1e]
V  [jvm.dll+0x85940e]
V  [jvm.dll+0x28266b]
V  [jvm.dll+0x7c3ff1]
V  [jvm.dll+0x7c2a3a]
V  [jvm.dll+0x7c1f0b]
V  [jvm.dll+0x75113a]
V  [jvm.dll+0x807928]
V  [jvm.dll+0x8015fa]
V  [jvm.dll+0x6ed5eb]
C  [ucrtbase.dll+0x21bb2]
C  [KERNEL32.DLL+0x17374]
C  [ntdll.dll+0x4cc91]


---------------  P R O C E S S  ---------------

Threads class SMR info:
_java_thread_list=0x00000276a8abcb30, length=21, elements={
0x00000276a24c0b00, 0x00000276a24c18f0, 0x00000276a24c3c60, 0x00000276a24c6e60,
0x00000276a24eaf60, 0x00000276a24ed9e0, 0x00000276a24f2330, 0x00000276a24fc030,
0x00000276a250e950, 0x00000276a6d470f0, 0x00000276a6d54f20, 0x00000276a6ea4210,
0x00000276a7ad0d50, 0x00000276a8ca65d0, 0x00000276a8ca85b0, 0x00000276a8ca5090,
0x00000276a8caa040, 0x00000276a8ca8060, 0x00000276a68e3150, 0x00000276a68e36e0,
0x00000276a8caaae0
}

Java Threads: ( => current thread )
  0x00000276a24c0b00 JavaThread "Reference Handler" daemon [_thread_blocked, id=10784, stack(0x0000007fe8300000,0x0000007fe8400000)]
  0x00000276a24c18f0 JavaThread "Finalizer" daemon [_thread_blocked, id=1880, stack(0x0000007fe8400000,0x0000007fe8500000)]
  0x00000276a24c3c60 JavaThread "Signal Dispatcher" daemon [_thread_blocked, id=3100, stack(0x0000007fe8500000,0x0000007fe8600000)]
  0x00000276a24c6e60 JavaThread "Attach Listener" daemon [_thread_blocked, id=5156, stack(0x0000007fe8600000,0x0000007fe8700000)]
=>0x00000276a24eaf60 JavaThread "Service Thread" daemon [_thread_in_vm, id=13976, stack(0x0000007fe8700000,0x0000007fe8800000)]
  0x00000276a24ed9e0 JavaThread "Monitor Deflation Thread" daemon [_thread_blocked, id=14956, stack(0x0000007fe8800000,0x0000007fe8900000)]
  0x00000276a24f2330 JavaThread "C1 CompilerThread0" daemon [_thread_blocked, id=10896, stack(0x0000007fe8900000,0x0000007fe8a00000)]
  0x00000276a24fc030 JavaThread "Sweeper thread" daemon [_thread_blocked, id=6040, stack(0x0000007fe8a00000,0x0000007fe8b00000)]
  0x00000276a250e950 JavaThread "Common-Cleaner" daemon [_thread_blocked, id=15112, stack(0x0000007fe8b00000,0x0000007fe8c00000)]
  0x00000276a6d470f0 JavaThread "Monitor Ctrl-Break" daemon [_thread_in_native, id=15024, stack(0x0000007fe8e00000,0x0000007fe8f00000)]
  0x00000276a6d54f20 JavaThread "Notification Thread" daemon [_thread_blocked, id=13284, stack(0x0000007fe8f00000,0x0000007fe9000000)]
  0x00000276a6ea4210 JavaThread "RMI TCP Accept-0" daemon [_thread_in_native, id=15336, stack(0x0000007fe9000000,0x0000007fe9100000)]
  0x00000276a7ad0d50 JavaThread "RMI Scheduler(0)" daemon [_thread_blocked, id=12576, stack(0x0000007fe9b00000,0x0000007fe9c00000)]
  0x00000276a8ca65d0 JavaThread "Live Reload Server" daemon [_thread_in_native, id=148, stack(0x0000007fea400000,0x0000007fea500000)]
  0x00000276a8ca85b0 JavaThread "DestroyJavaVM" [_thread_blocked, id=9284, stack(0x0000007fe7c00000,0x0000007fe7d00000)]
  0x00000276a8ca5090 JavaThread "ForkJoinPool.commonPool-worker-2" daemon [_thread_blocked, id=11288, stack(0x0000007fe9800000,0x0000007fe9900000)]
  0x00000276a8caa040 JavaThread "RMI TCP Connection(5)-192.168.1.107" daemon [_thread_in_native, id=11412, stack(0x0000007fe7900000,0x0000007fe7a00000)]
  0x00000276a8ca8060 JavaThread "Thread-5" [_thread_blocked, id=6140, stack(0x0000007fe7a00000,0x0000007fe7b00000)]
  0x00000276a68e3150 JavaThread "C1 CompilerThread1" daemon [_thread_blocked, id=1932, stack(0x0000007fe8c00000,0x0000007fe8d00000)]
  0x00000276a68e36e0 JavaThread "C1 CompilerThread2" daemon [_thread_blocked, id=8620, stack(0x0000007fe8d00000,0x0000007fe8e00000)]
  0x00000276a8caaae0 JavaThread "restartedMain" [_thread_in_native, id=15312, stack(0x0000007fe9a00000,0x0000007fe9b00000)]

Other Threads:
  0x00000276a24a50a0 VMThread "VM Thread" [stack: 0x0000007fe8200000,0x0000007fe8300000] [id=11300]
  0x00000276a6ea4750 WatcherThread "VM Periodic Task Thread" [stack: 0x0000007fe9100000,0x0000007fe9200000] [id=14768]
  0x00000276897d4790 WorkerThread "GC Thread#0" [stack: 0x0000007fe7d00000,0x0000007fe7e00000] [id=9184]
  0x00000276a6f30d70 WorkerThread "GC Thread#1" [stack: 0x0000007fe9200000,0x0000007fe9300000] [id=14708]
  0x00000276a6f31040 WorkerThread "GC Thread#2" [stack: 0x0000007fe9300000,0x0000007fe9400000] [id=7320]
  0x00000276a6f31310 WorkerThread "GC Thread#3" [stack: 0x0000007fe9400000,0x0000007fe9500000] [id=8364]
  0x00000276a6fdb030 WorkerThread "GC Thread#4" [stack: 0x0000007fe9500000,0x0000007fe9600000] [id=5772]
  0x00000276a6fdd310 WorkerThread "GC Thread#5" [stack: 0x0000007fe9600000,0x0000007fe9700000] [id=12236]
  0x00000276897e65b0 ConcurrentGCThread "G1 Main Marker" [stack: 0x0000007fe7e00000,0x0000007fe7f00000] [id=6272]
  0x00000276897e6ef0 WorkerThread "G1 Conc#0" [stack: 0x0000007fe7f00000,0x0000007fe8000000] [id=15072]
  0x00000276a7308ca0 WorkerThread "G1 Conc#1" [stack: 0x0000007fe9900000,0x0000007fe9a00000] [id=14148]
  0x000002768981e3b0 ConcurrentGCThread "G1 Refine#0" [stack: 0x0000007fe8000000,0x0000007fe8100000] [id=2424]
  0x00000276a2362160 ConcurrentGCThread "G1 Service" [stack: 0x0000007fe8100000,0x0000007fe8200000] [id=12464]

Threads with active compile tasks:

VM state: not at safepoint (normal execution)

VM Mutex/Monitor currently owned by a thread: None

Heap address: 0x0000000702000000, size: 4064 MB, Compressed Oops mode: Zero based, Oop shift amount: 3

CDS archive(s) mapped at: [0x0000000800000000-0x0000000800c40000-0x0000000800c40000), size 12845056, SharedBaseAddress: 0x0000000800000000, ArchiveRelocationMode: 0.
Compressed class space mapped at: 0x0000000801000000-0x0000000841000000, reserved size: 1073741824
Narrow klass base: 0x0000000800000000, Narrow klass shift: 0, Narrow klass range: 0x100000000

GC Precious Log:
 CardTable entry size: 512
 Card Set container configuration: InlinePtr #cards 4 size 8 Array Of Cards #cards 16 size 48 Howl #buckets 8 coarsen threshold 3686 Howl Bitmap #cards 512 size 80 coarsen threshold 460 Card regions per heap region 1 cards per card region 4096
 CPUs: 6 total, 6 available
 Memory: 16254M
 Large Page Support: Disabled
 NUMA Support: Disabled
 Compressed Oops: Enabled (Zero based)
 Heap Region Size: 2M
 Heap Min Capacity: 8M
 Heap Initial Capacity: 254M
 Heap Max Capacity: 4064M
 Pre-touch: Disabled
 Parallel Workers: 6
 Concurrent Workers: 2
 Concurrent Refinement Workers: 6
 Periodic GC: Disabled

Heap:
 garbage-first heap   total 172032K, used 46315K [0x0000000702000000, 0x0000000800000000)
  region size 2048K, 2 young (4096K), 0 survivors (0K)
 Metaspace       used 94266K, committed 95488K, reserved 1179648K
  class space    used 12980K, committed 13568K, reserved 1048576K

Heap Regions: E=young(eden), S=young(survivor), O=old, HS=humongous(starts), HC=humongous(continues), CS=collection set, F=free, OA=open archive, CA=closed archive, TAMS=top-at-mark-start (previous, next)
|   0|0x0000000702000000, 0x00000007021ffff0, 0x0000000702200000| 99%| O|  |TAMS 0x0000000702000000, 0x0000000702000000| Untracked 
|   1|0x0000000702200000, 0x0000000702400000, 0x0000000702400000|100%| O|  |TAMS 0x0000000702400000, 0x0000000702200000| Untracked 
|   2|0x0000000702400000, 0x00000007025ffff8, 0x0000000702600000| 99%| O|  |TAMS 0x0000000702400000, 0x0000000702400000| Untracked 
|   3|0x0000000702600000, 0x0000000702800000, 0x0000000702800000|100%| O|  |TAMS 0x0000000702800000, 0x0000000702600000| Untracked 
|   4|0x0000000702800000, 0x00000007029ffff0, 0x0000000702a00000| 99%| O|  |TAMS 0x0000000702800000, 0x0000000702800000| Untracked 
|   5|0x0000000702a00000, 0x0000000702bffff8, 0x0000000702c00000| 99%| O|  |TAMS 0x0000000702a00000, 0x0000000702a00000| Untracked 
|   6|0x0000000702c00000, 0x0000000702dfffd8, 0x0000000702e00000| 99%| O|  |TAMS 0x0000000702c00000, 0x0000000702c00000| Untracked 
|   7|0x0000000702e00000, 0x0000000703000000, 0x0000000703000000|100%| O|  |TAMS 0x0000000702e00000, 0x0000000702e00000| Untracked 
|   8|0x0000000703000000, 0x00000007031fffb0, 0x0000000703200000| 99%| O|  |TAMS 0x0000000703000000, 0x0000000703000000| Untracked 
|   9|0x0000000703200000, 0x0000000703400000, 0x0000000703400000|100%| O|  |TAMS 0x0000000703200000, 0x0000000703200000| Untracked 
|  10|0x0000000703400000, 0x00000007035fffe0, 0x0000000703600000| 99%| O|  |TAMS 0x0000000703400000, 0x0000000703400000| Untracked 
|  11|0x0000000703600000, 0x00000007037fffb0, 0x0000000703800000| 99%| O|  |TAMS 0x0000000703600000, 0x0000000703600000| Untracked 
|  12|0x0000000703800000, 0x00000007039fffe8, 0x0000000703a00000| 99%| O|  |TAMS 0x0000000703800000, 0x0000000703800000| Untracked 
|  13|0x0000000703a00000, 0x0000000703bfffc0, 0x0000000703c00000| 99%| O|  |TAMS 0x0000000703a00000, 0x0000000703a00000| Untracked 
|  14|0x0000000703c00000, 0x0000000703dfffe8, 0x0000000703e00000| 99%| O|  |TAMS 0x0000000703c00000, 0x0000000703c00000| Untracked 
|  15|0x0000000703e00000, 0x0000000703fff090, 0x0000000704000000| 99%| O|  |TAMS 0x0000000703e00000, 0x0000000703e00000| Untracked 
|  16|0x0000000704000000, 0x0000000704200000, 0x0000000704200000|100%| O|  |TAMS 0x0000000704000000, 0x0000000704000000| Untracked 
|  17|0x0000000704200000, 0x00000007043ffff8, 0x0000000704400000| 99%| O|  |TAMS 0x0000000704200000, 0x0000000704200000| Untracked 
|  18|0x0000000704400000, 0x000000070455b188, 0x0000000704600000| 67%| O|  |TAMS 0x0000000704400000, 0x0000000704400000| Untracked 
|  19|0x0000000704600000, 0x000000070460d800, 0x0000000704800000|  2%| O|  |TAMS 0x0000000704600000, 0x0000000704600000| Untracked 
|  20|0x0000000704800000, 0x000000070490d930, 0x0000000704a00000| 52%| O|  |TAMS 0x0000000704800000, 0x0000000704800000| Untracked 
|  21|0x0000000704a00000, 0x0000000704bffff0, 0x0000000704c00000| 99%| O|  |TAMS 0x0000000704a00000, 0x0000000704a00000| Untracked 
|  22|0x0000000704c00000, 0x0000000704c42888, 0x0000000704e00000| 12%| O|  |TAMS 0x0000000704c00000, 0x0000000704c00000| Untracked 
|  23|0x0000000704e00000, 0x0000000704e00000, 0x0000000705000000|  0%| F|  |TAMS 0x0000000704e00000, 0x0000000704e00000| Untracked 
|  24|0x0000000705000000, 0x0000000705000000, 0x0000000705200000|  0%| F|  |TAMS 0x0000000705000000, 0x0000000705000000| Untracked 
|  25|0x0000000705200000, 0x0000000705200000, 0x0000000705400000|  0%| F|  |TAMS 0x0000000705200000, 0x0000000705200000| Untracked 
|  26|0x0000000705400000, 0x0000000705483540, 0x0000000705600000| 25%| O|  |TAMS 0x0000000705400000, 0x0000000705400000| Untracked 
|  27|0x0000000705600000, 0x0000000705600000, 0x0000000705800000|  0%| F|  |TAMS 0x0000000705600000, 0x0000000705600000| Untracked 
|  28|0x0000000705800000, 0x0000000705800000, 0x0000000705a00000|  0%| F|  |TAMS 0x0000000705800000, 0x0000000705800000| Untracked 
|  29|0x0000000705a00000, 0x0000000705a00000, 0x0000000705c00000|  0%| F|  |TAMS 0x0000000705a00000, 0x0000000705a00000| Untracked 
|  30|0x0000000705c00000, 0x0000000705c00000, 0x0000000705e00000|  0%| F|  |TAMS 0x0000000705c00000, 0x0000000705c00000| Untracked 
|  31|0x0000000705e00000, 0x0000000705e00000, 0x0000000706000000|  0%| F|  |TAMS 0x0000000705e00000, 0x0000000705e00000| Untracked 
|  32|0x0000000706000000, 0x0000000706000000, 0x0000000706200000|  0%| F|  |TAMS 0x0000000706000000, 0x0000000706000000| Untracked 
|  33|0x0000000706200000, 0x0000000706200000, 0x0000000706400000|  0%| F|  |TAMS 0x0000000706200000, 0x0000000706200000| Untracked 
|  34|0x0000000706400000, 0x0000000706400000, 0x0000000706600000|  0%| F|  |TAMS 0x0000000706400000, 0x0000000706400000| Untracked 
|  35|0x0000000706600000, 0x0000000706600000, 0x0000000706800000|  0%| F|  |TAMS 0x0000000706600000, 0x0000000706600000| Untracked 
|  36|0x0000000706800000, 0x0000000706800000, 0x0000000706a00000|  0%| F|  |TAMS 0x0000000706800000, 0x0000000706800000| Untracked 
|  37|0x0000000706a00000, 0x0000000706a00000, 0x0000000706c00000|  0%| F|  |TAMS 0x0000000706a00000, 0x0000000706a00000| Untracked 
|  38|0x0000000706c00000, 0x0000000706c00000, 0x0000000706e00000|  0%| F|  |TAMS 0x0000000706c00000, 0x0000000706c00000| Untracked 
|  39|0x0000000706e00000, 0x0000000706e00000, 0x0000000707000000|  0%| F|  |TAMS 0x0000000706e00000, 0x0000000706e00000| Untracked 
|  40|0x0000000707000000, 0x0000000707000000, 0x0000000707200000|  0%| F|  |TAMS 0x0000000707000000, 0x0000000707000000| Untracked 
|  41|0x0000000707200000, 0x0000000707400000, 0x0000000707400000|100%| O|  |TAMS 0x0000000707400000, 0x0000000707200000| Untracked 
|  42|0x0000000707400000, 0x0000000707400000, 0x0000000707600000|  0%| F|  |TAMS 0x0000000707400000, 0x0000000707400000| Untracked 
|  43|0x0000000707600000, 0x0000000707600000, 0x0000000707800000|  0%| F|  |TAMS 0x0000000707600000, 0x0000000707600000| Untracked 
|  44|0x0000000707800000, 0x0000000707800000, 0x0000000707a00000|  0%| F|  |TAMS 0x0000000707800000, 0x0000000707800000| Untracked 
|  45|0x0000000707a00000, 0x0000000707a00000, 0x0000000707c00000|  0%| F|  |TAMS 0x0000000707a00000, 0x0000000707a00000| Untracked 
|  46|0x0000000707c00000, 0x0000000707c00000, 0x0000000707e00000|  0%| F|  |TAMS 0x0000000707c00000, 0x0000000707c00000| Untracked 
|  47|0x0000000707e00000, 0x0000000707e00000, 0x0000000708000000|  0%| F|  |TAMS 0x0000000707e00000, 0x0000000707e00000| Untracked 
|  48|0x0000000708000000, 0x0000000708000000, 0x0000000708200000|  0%| F|  |TAMS 0x0000000708000000, 0x0000000708000000| Untracked 
|  49|0x0000000708200000, 0x0000000708200000, 0x0000000708400000|  0%| F|  |TAMS 0x0000000708200000, 0x0000000708200000| Untracked 
|  50|0x0000000708400000, 0x0000000708400000, 0x0000000708600000|  0%| F|  |TAMS 0x0000000708400000, 0x0000000708400000| Untracked 
|  51|0x0000000708600000, 0x0000000708600000, 0x0000000708800000|  0%| F|  |TAMS 0x0000000708600000, 0x0000000708600000| Untracked 
|  52|0x0000000708800000, 0x0000000708800000, 0x0000000708a00000|  0%| F|  |TAMS 0x0000000708800000, 0x0000000708800000| Untracked 
|  53|0x0000000708a00000, 0x0000000708a00000, 0x0000000708c00000|  0%| F|  |TAMS 0x0000000708a00000, 0x0000000708a00000| Untracked 
|  54|0x0000000708c00000, 0x0000000708c00000, 0x0000000708e00000|  0%| F|  |TAMS 0x0000000708c00000, 0x0000000708c00000| Untracked 
|  55|0x0000000708e00000, 0x0000000708e00000, 0x0000000709000000|  0%| F|  |TAMS 0x0000000708e00000, 0x0000000708e00000| Untracked 
|  56|0x0000000709000000, 0x0000000709000000, 0x0000000709200000|  0%| F|  |TAMS 0x0000000709000000, 0x0000000709000000| Untracked 
|  57|0x0000000709200000, 0x0000000709200000, 0x0000000709400000|  0%| F|  |TAMS 0x0000000709200000, 0x0000000709200000| Untracked 
|  58|0x0000000709400000, 0x0000000709400000, 0x0000000709600000|  0%| F|  |TAMS 0x0000000709400000, 0x0000000709400000| Untracked 
|  59|0x0000000709600000, 0x0000000709600000, 0x0000000709800000|  0%| F|  |TAMS 0x0000000709600000, 0x0000000709600000| Untracked 
|  60|0x0000000709800000, 0x0000000709800000, 0x0000000709a00000|  0%| F|  |TAMS 0x0000000709800000, 0x0000000709800000| Untracked 
|  61|0x0000000709a00000, 0x0000000709a00000, 0x0000000709c00000|  0%| F|  |TAMS 0x0000000709a00000, 0x0000000709a00000| Untracked 
|  62|0x0000000709c00000, 0x0000000709c00000, 0x0000000709e00000|  0%| F|  |TAMS 0x0000000709c00000, 0x0000000709c00000| Untracked 
|  63|0x0000000709e00000, 0x0000000709e00000, 0x000000070a000000|  0%| F|  |TAMS 0x0000000709e00000, 0x0000000709e00000| Untracked 
|  64|0x000000070a000000, 0x000000070a000000, 0x000000070a200000|  0%| F|  |TAMS 0x000000070a000000, 0x000000070a000000| Untracked 
|  65|0x000000070a200000, 0x000000070a200000, 0x000000070a400000|  0%| F|  |TAMS 0x000000070a200000, 0x000000070a200000| Untracked 
|  66|0x000000070a400000, 0x000000070a400000, 0x000000070a600000|  0%| F|  |TAMS 0x000000070a400000, 0x000000070a400000| Untracked 
|  67|0x000000070a600000, 0x000000070a600000, 0x000000070a800000|  0%| F|  |TAMS 0x000000070a600000, 0x000000070a600000| Untracked 
|  68|0x000000070a800000, 0x000000070a800000, 0x000000070aa00000|  0%| F|  |TAMS 0x000000070a800000, 0x000000070a800000| Untracked 
|  69|0x000000070aa00000, 0x000000070aa00000, 0x000000070ac00000|  0%| F|  |TAMS 0x000000070aa00000, 0x000000070aa00000| Untracked 
|  70|0x000000070ac00000, 0x000000070ac00000, 0x000000070ae00000|  0%| F|  |TAMS 0x000000070ac00000, 0x000000070ac00000| Untracked 
|  71|0x000000070ae00000, 0x000000070ae00000, 0x000000070b000000|  0%| F|  |TAMS 0x000000070ae00000, 0x000000070ae00000| Untracked 
|  72|0x000000070b000000, 0x000000070b000000, 0x000000070b200000|  0%| F|  |TAMS 0x000000070b000000, 0x000000070b000000| Untracked 
|  73|0x000000070b200000, 0x000000070b200000, 0x000000070b400000|  0%| F|  |TAMS 0x000000070b200000, 0x000000070b200000| Untracked 
|  74|0x000000070b400000, 0x000000070b400000, 0x000000070b600000|  0%| F|  |TAMS 0x000000070b400000, 0x000000070b400000| Untracked 
|  75|0x000000070b600000, 0x000000070b600000, 0x000000070b800000|  0%| F|  |TAMS 0x000000070b600000, 0x000000070b600000| Untracked 
|  76|0x000000070b800000, 0x000000070b800000, 0x000000070ba00000|  0%| F|  |TAMS 0x000000070b800000, 0x000000070b800000| Untracked 
|  77|0x000000070ba00000, 0x000000070ba00000, 0x000000070bc00000|  0%| F|  |TAMS 0x000000070ba00000, 0x000000070ba00000| Untracked 
|  78|0x000000070bc00000, 0x000000070bc00000, 0x000000070be00000|  0%| F|  |TAMS 0x000000070bc00000, 0x000000070bc00000| Untracked 
|  79|0x000000070be00000, 0x000000070be00000, 0x000000070c000000|  0%| F|  |TAMS 0x000000070be00000, 0x000000070be00000| Untracked 
|  80|0x000000070c000000, 0x000000070c000000, 0x000000070c200000|  0%| F|  |TAMS 0x000000070c000000, 0x000000070c000000| Untracked 
|  81|0x000000070c200000, 0x000000070c200000, 0x000000070c400000|  0%| F|  |TAMS 0x000000070c200000, 0x000000070c200000| Untracked 
|  82|0x000000070c400000, 0x000000070c59b418, 0x000000070c600000| 80%| E|  |TAMS 0x000000070c400000, 0x000000070c400000| Complete 
|  83|0x000000070c600000, 0x000000070c800000, 0x000000070c800000|100%| E|CS|TAMS 0x000000070c600000, 0x000000070c600000| Complete 

Card table byte_map: [0x0000027696d40000,0x0000027697530000] _byte_map_base: 0x0000027693530000

Marking Bits (Prev, Next): (CMBitMap*) 0x00000276897d5ce0, (CMBitMap*) 0x00000276897d5d20
 Prev Bits: [0x0000027697d20000, 0x000002769bca0000)
 Next Bits: [0x000002769bca0000, 0x000002769fc20000)

Polling page: 0x0000027689820000

Metaspace:

Usage:
  Non-class:     79.38 MB used.
      Class:     12.68 MB used.
       Both:     92.06 MB used.

Virtual space:
  Non-class space:      128.00 MB reserved,      80.00 MB ( 62%) committed,  2 nodes.
      Class space:        1.00 GB reserved,      13.25 MB (  1%) committed,  1 nodes.
             Both:        1.12 GB reserved,      93.25 MB (  8%) committed. 

Chunk freelists:
   Non-Class:  3.83 MB
       Class:  2.58 MB
        Both:  6.41 MB

MaxMetaspaceSize: unlimited
CompressedClassSpaceSize: 1.00 GB
Initial GC threshold: 21.00 MB
Current GC threshold: 155.44 MB
CDS: on
MetaspaceReclaimPolicy: balanced
 - commit_granule_bytes: 65536.
 - commit_granule_words: 8192.
 - virtual_space_node_default_size: 8388608.
 - enlarge_chunks_in_place: 1.
 - new_chunks_are_fully_committed: 0.
 - uncommit_free_chunks: 1.
 - use_allocation_guard: 0.


Internal statistics:

num_allocs_failed_limit: 15.
num_arena_births: 2034.
num_arena_deaths: 10.
num_vsnodes_births: 3.
num_vsnodes_deaths: 0.
num_space_committed: 1492.
num_space_uncommitted: 0.
num_chunks_returned_to_freelist: 30.
num_chunks_taken_from_freelist: 5490.
num_chunk_merges: 17.
num_chunk_splits: 3951.
num_chunks_enlarged: 2998.
num_inconsistent_stats: 0.

CodeCache: size=49152Kb used=21074Kb max_used=21074Kb free=28077Kb
 bounds [0x0000027692e90000, 0x0000027694380000, 0x0000027695e90000]
 total_blobs=11763 nmethods=10737 adapters=947
 compilation: enabled
              stopped_count=0, restarted_count=0
 full_count=0

Compilation events (20 events):
Event: 111.980 Thread 0x00000276a24f2330 nmethod 10812 0x00000276942c1f90 code [0x00000276942c2180, 0x00000276942c2658]
Event: 111.980 Thread 0x00000276a68e3150 nmethod 10811 0x00000276942c0f10 code [0x00000276942c11a0, 0x00000276942c1a58]
Event: 111.980 Thread 0x00000276a24f2330 10816       1       java.lang.Class::getDeclaredField (54 bytes)
Event: 111.980 Thread 0x00000276a24f2330 nmethod 10816 0x00000276942c0690 code [0x00000276942c08a0, 0x00000276942c0ca8]
Event: 111.981 Thread 0x00000276a68e36e0 10817       1       ch.qos.logback.classic.Logger::filterAndLog_0_Or3Plus (61 bytes)
Event: 111.981 Thread 0x00000276a68e36e0 nmethod 10817 0x00000276942bfe90 code [0x00000276942c0080, 0x00000276942c0418]
Event: 111.983 Thread 0x00000276a68e36e0 10818       1       org.apache.juli.logging.DirectJDKLog::isDebugEnabled (11 bytes)
Event: 111.983 Thread 0x00000276a68e3150 10819       1       org.apache.catalina.util.LifecycleBase::fireLifecycleEvent (56 bytes)
Event: 111.983 Thread 0x00000276a24f2330 10820       1       org.apache.catalina.LifecycleEvent::<init> (16 bytes)
Event: 111.983 Thread 0x00000276a68e36e0 nmethod 10818 0x00000276942bfa90 code [0x00000276942bfc20, 0x00000276942bfd38]
Event: 111.983 Thread 0x00000276a24f2330 nmethod 10820 0x00000276942bf590 code [0x00000276942bf740, 0x00000276942bf9e8]
Event: 111.983 Thread 0x00000276a68e3150 nmethod 10819 0x00000276942bee90 code [0x00000276942bf080, 0x00000276942bf3f8]
Event: 111.986 Thread 0x00000276a68e3150 10821       1       com.sun.beans.util.Cache$Kind$Soft::removeOwner (6 bytes)
Event: 111.986 Thread 0x00000276a68e3150 nmethod 10821 0x00000276942beb90 code [0x00000276942bed20, 0x00000276942bee18]
Event: 111.987 Thread 0x00000276a68e3150 10822  s    1       org.apache.catalina.util.LifecycleBase::setStateInternal (144 bytes)
Event: 111.987 Thread 0x00000276a24f2330 10823       1       java.lang.reflect.Field::setAccessible (21 bytes)
Event: 111.987 Thread 0x00000276a68e36e0 10824       1       java.lang.reflect.Field::checkCanSetAccessible (10 bytes)
Event: 112.034 Thread 0x00000276a24f2330 nmethod 10823 0x00000276942be790 code [0x00000276942be940, 0x00000276942bea78]
Event: 112.034 Thread 0x00000276a68e36e0 nmethod 10824 0x00000276942be490 code [0x00000276942be620, 0x00000276942be708]
Event: 112.035 Thread 0x00000276a68e3150 nmethod 10822 0x00000276942bd790 code [0x00000276942bd9c0, 0x00000276942be108]

GC Heap History (20 events):
Event: 3.347 GC heap before
{Heap before GC invocations=11 (full 0):
 garbage-first heap   total 96256K, used 70073K [0x0000000702000000, 0x0000000800000000)
  region size 2048K, 22 young (45056K), 1 survivors (2048K)
 Metaspace       used 44093K, committed 44736K, reserved 1114112K
  class space    used 5618K, committed 5952K, reserved 1048576K
}
Event: 3.348 GC heap after
{Heap after GC invocations=12 (full 0):
 garbage-first heap   total 96256K, used 26597K [0x0000000702000000, 0x0000000800000000)
  region size 2048K, 1 young (2048K), 1 survivors (2048K)
 Metaspace       used 44093K, committed 44736K, reserved 1114112K
  class space    used 5618K, committed 5952K, reserved 1048576K
}
Event: 3.736 GC heap before
{Heap before GC invocations=12 (full 0):
 garbage-first heap   total 96256K, used 71653K [0x0000000702000000, 0x0000000800000000)
  region size 2048K, 23 young (47104K), 1 survivors (2048K)
 Metaspace       used 46702K, committed 47296K, reserved 1114112K
  class space    used 5939K, committed 6208K, reserved 1048576K
}
Event: 3.737 GC heap after
{Heap after GC invocations=13 (full 0):
 garbage-first heap   total 96256K, used 27556K [0x0000000702000000, 0x0000000800000000)
  region size 2048K, 1 young (2048K), 1 survivors (2048K)
 Metaspace       used 46702K, committed 47296K, reserved 1114112K
  class space    used 5939K, committed 6208K, reserved 1048576K
}
Event: 4.432 GC heap before
{Heap before GC invocations=13 (full 0):
 garbage-first heap   total 96256K, used 74660K [0x0000000702000000, 0x0000000800000000)
  region size 2048K, 24 young (49152K), 1 survivors (2048K)
 Metaspace       used 58131K, committed 58816K, reserved 1114112K
  class space    used 7573K, committed 7872K, reserved 1048576K
}
Event: 4.435 GC heap after
{Heap after GC invocations=14 (full 0):
 garbage-first heap   total 96256K, used 29919K [0x0000000702000000, 0x0000000800000000)
  region size 2048K, 2 young (4096K), 2 survivors (4096K)
 Metaspace       used 58131K, committed 58816K, reserved 1114112K
  class space    used 7573K, committed 7872K, reserved 1048576K
}
Event: 4.522 GC heap before
{Heap before GC invocations=14 (full 0):
 garbage-first heap   total 96256K, used 34015K [0x0000000702000000, 0x0000000800000000)
  region size 2048K, 5 young (10240K), 2 survivors (4096K)
 Metaspace       used 60161K, committed 60800K, reserved 1114112K
  class space    used 7804K, committed 8064K, reserved 1048576K
}
Event: 4.525 GC heap after
{Heap after GC invocations=15 (full 0):
 garbage-first heap   total 96256K, used 30375K [0x0000000702000000, 0x0000000800000000)
  region size 2048K, 2 young (4096K), 2 survivors (4096K)
 Metaspace       used 60161K, committed 60800K, reserved 1114112K
  class space    used 7804K, committed 8064K, reserved 1048576K
}
Event: 5.205 GC heap before
{Heap before GC invocations=16 (full 0):
 garbage-first heap   total 96256K, used 75431K [0x0000000702000000, 0x0000000800000000)
  region size 2048K, 24 young (49152K), 2 survivors (4096K)
 Metaspace       used 70182K, committed 70912K, reserved 1114112K
  class space    used 9413K, committed 9792K, reserved 1048576K
}
Event: 5.209 GC heap after
{Heap after GC invocations=17 (full 0):
 garbage-first heap   total 96256K, used 32968K [0x0000000702000000, 0x0000000800000000)
  region size 2048K, 3 young (6144K), 3 survivors (6144K)
 Metaspace       used 70182K, committed 70912K, reserved 1114112K
  class space    used 9413K, committed 9792K, reserved 1048576K
}
Event: 5.230 GC heap before
{Heap before GC invocations=17 (full 0):
 garbage-first heap   total 96256K, used 35016K [0x0000000702000000, 0x0000000800000000)
  region size 2048K, 4 young (8192K), 3 survivors (6144K)
 Metaspace       used 70380K, committed 71168K, reserved 1114112K
  class space    used 9460K, committed 9856K, reserved 1048576K
}
Event: 5.234 GC heap after
{Heap after GC invocations=18 (full 0):
 garbage-first heap   total 96256K, used 33142K [0x0000000702000000, 0x0000000800000000)
  region size 2048K, 1 young (2048K), 1 survivors (2048K)
 Metaspace       used 70380K, committed 71168K, reserved 1114112K
  class space    used 9460K, committed 9856K, reserved 1048576K
}
Event: 5.621 GC heap before
{Heap before GC invocations=18 (full 0):
 garbage-first heap   total 96256K, used 74102K [0x0000000702000000, 0x0000000800000000)
  region size 2048K, 22 young (45056K), 1 survivors (2048K)
 Metaspace       used 76540K, committed 77248K, reserved 1179648K
  class space    used 10543K, committed 10880K, reserved 1048576K
}
Event: 5.624 GC heap after
{Heap after GC invocations=19 (full 0):
 garbage-first heap   total 192512K, used 35735K [0x0000000702000000, 0x0000000800000000)
  region size 2048K, 2 young (4096K), 2 survivors (4096K)
 Metaspace       used 76540K, committed 77248K, reserved 1179648K
  class space    used 10543K, committed 10880K, reserved 1048576K
}
Event: 16.829 GC heap before
{Heap before GC invocations=19 (full 0):
 garbage-first heap   total 192512K, used 146327K [0x0000000702000000, 0x0000000800000000)
  region size 2048K, 56 young (114688K), 2 survivors (4096K)
 Metaspace       used 86071K, committed 86976K, reserved 1179648K
  class space    used 11910K, committed 12352K, reserved 1048576K
}
Event: 16.842 GC heap after
{Heap after GC invocations=20 (full 0):
 garbage-first heap   total 192512K, used 43039K [0x0000000702000000, 0x0000000800000000)
  region size 2048K, 6 young (12288K), 6 survivors (12288K)
 Metaspace       used 86071K, committed 86976K, reserved 1179648K
  class space    used 11910K, committed 12352K, reserved 1048576K
}
Event: 41.354 GC heap before
{Heap before GC invocations=20 (full 0):
 garbage-first heap   total 192512K, used 145439K [0x0000000702000000, 0x0000000800000000)
  region size 2048K, 56 young (114688K), 6 survivors (12288K)
 Metaspace       used 94143K, committed 95424K, reserved 1179648K
  class space    used 12956K, committed 13568K, reserved 1048576K
}
Event: 41.364 GC heap after
{Heap after GC invocations=21 (full 0):
 garbage-first heap   total 192512K, used 53156K [0x0000000702000000, 0x0000000800000000)
  region size 2048K, 7 young (14336K), 7 survivors (14336K)
 Metaspace       used 94143K, committed 95424K, reserved 1179648K
  class space    used 12956K, committed 13568K, reserved 1048576K
}
Event: 111.987 GC heap before
{Heap before GC invocations=21 (full 0):
 garbage-first heap   total 192512K, used 65444K [0x0000000702000000, 0x0000000800000000)
  region size 2048K, 14 young (28672K), 7 survivors (14336K)
 Metaspace       used 94279K, committed 95488K, reserved 1179648K
  class space    used 12981K, committed 13568K, reserved 1048576K
}
Event: 112.034 GC heap after
{Heap after GC invocations=22 (full 1):
 garbage-first heap   total 172032K, used 44267K [0x0000000702000000, 0x0000000800000000)
  region size 2048K, 0 young (0K), 0 survivors (0K)
 Metaspace       used 94262K, committed 95488K, reserved 1179648K
  class space    used 12978K, committed 13568K, reserved 1048576K
}

Dll operation events (14 events):
Event: 0.007 Loaded shared library C:\Program Files\Java\jdk-19\bin\java.dll
Event: 0.018 Loaded shared library C:\Program Files\Java\jdk-19\bin\jsvml.dll
Event: 0.100 Loaded shared library C:\Program Files\Java\jdk-19\bin\zip.dll
Event: 0.102 Loaded shared library C:\Program Files\Java\jdk-19\bin\instrument.dll
Event: 0.105 Loaded shared library C:\Program Files\Java\jdk-19\bin\net.dll
Event: 0.106 Loaded shared library C:\Program Files\Java\jdk-19\bin\nio.dll
Event: 0.109 Loaded shared library C:\Program Files\Java\jdk-19\bin\zip.dll
Event: 0.176 Loaded shared library C:\Program Files\JetBrains\IntelliJ IDEA 2023.2.5\bin\breakgen64.dll
Event: 0.180 Loaded shared library C:\Program Files\Java\jdk-19\bin\jimage.dll
Event: 0.183 Loaded shared library C:\Program Files\Java\jdk-19\bin\extnet.dll
Event: 0.205 Loaded shared library C:\Program Files\Java\jdk-19\bin\management.dll
Event: 0.213 Loaded shared library C:\Program Files\Java\jdk-19\bin\management_ext.dll
Event: 1.203 Loaded shared library C:\Program Files\Java\jdk-19\bin\sunmscapi.dll
Event: 4.023 Loaded shared library C:\Program Files\Java\jdk-19\bin\verify.dll

Deoptimization events (20 events):
Event: 3.113 Thread 0x00000276a727a9d0 DEOPT PACKING pc=0x0000027693874630 sp=0x0000007fe98fce30
Event: 3.113 Thread 0x00000276a727a9d0 DEOPT UNPACKING pc=0x0000027692ef7543 sp=0x0000007fe98fc3d0 mode 3
Event: 3.646 Thread 0x00000276a7dcacc0 DEOPT PACKING pc=0x000002769327378c sp=0x0000007fea1fefe0
Event: 3.646 Thread 0x00000276a7dcacc0 DEOPT UNPACKING pc=0x0000027692ef7543 sp=0x0000007fea1fe4c0 mode 0
Event: 3.646 Thread 0x00000276a7dcacc0 DEOPT PACKING pc=0x00000276937d4e3c sp=0x0000007fea1ff060
Event: 3.646 Thread 0x00000276a7dcacc0 DEOPT UNPACKING pc=0x0000027692ef7543 sp=0x0000007fea1fe5a0 mode 0
Event: 5.130 Thread 0x00000276a727a9d0 DEOPT PACKING pc=0x0000027693410702 sp=0x0000007fe98fc670
Event: 5.130 Thread 0x00000276a727a9d0 DEOPT UNPACKING pc=0x0000027692ef7543 sp=0x0000007fe98fbb78 mode 3
Event: 5.217 Thread 0x00000276a727a9d0 DEOPT PACKING pc=0x00000276937cccdc sp=0x0000007fe98fcca0
Event: 5.217 Thread 0x00000276a727a9d0 DEOPT UNPACKING pc=0x0000027692ef7543 sp=0x0000007fe98fc1f8 mode 0
Event: 5.753 Thread 0x00000276a727a9d0 DEOPT PACKING pc=0x0000027693df6199 sp=0x0000007fe98fcaf0
Event: 5.753 Thread 0x00000276a727a9d0 DEOPT UNPACKING pc=0x0000027692ef7543 sp=0x0000007fe98fbfd0 mode 3
Event: 6.187 Thread 0x00000276a727a9d0 DEOPT PACKING pc=0x000002769334aa64 sp=0x0000007fe98fab30
Event: 6.187 Thread 0x00000276a727a9d0 DEOPT UNPACKING pc=0x0000027692ef7543 sp=0x0000007fe98fa070 mode 0
Event: 6.187 Thread 0x00000276a727a9d0 DEOPT PACKING pc=0x0000027693349db4 sp=0x0000007fe98fac40
Event: 6.187 Thread 0x00000276a727a9d0 DEOPT UNPACKING pc=0x0000027692ef7543 sp=0x0000007fe98fa100 mode 0
Event: 31.092 Thread 0x00000276a7ab39e0 DEOPT PACKING pc=0x000002769327378c sp=0x0000007fe9afeaa0
Event: 31.092 Thread 0x00000276a7ab39e0 DEOPT UNPACKING pc=0x0000027692ef7543 sp=0x0000007fe9afdf80 mode 0
Event: 31.092 Thread 0x00000276a7ab39e0 DEOPT PACKING pc=0x00000276937d4e3c sp=0x0000007fe9afeb20
Event: 31.092 Thread 0x00000276a7ab39e0 DEOPT UNPACKING pc=0x0000027692ef7543 sp=0x0000007fe9afe060 mode 0

Classes loaded (20 events):
Event: 41.249 Loading class sun/nio/ch/ChannelOutputStream
Event: 41.249 Loading class sun/nio/ch/ChannelOutputStream done
Event: 41.315 Loading class java/io/CharArrayWriter
Event: 41.315 Loading class java/io/CharArrayWriter done
Event: 41.335 Loading class java/util/concurrent/locks/ReentrantReadWriteLock$Sync$HoldCounter
Event: 41.336 Loading class java/util/concurrent/locks/ReentrantReadWriteLock$Sync$HoldCounter done
Event: 93.148 Loading class java/util/concurrent/atomic/Striped64$Cell
Event: 93.148 Loading class java/util/concurrent/atomic/Striped64$Cell done
Event: 111.972 Loading class java/util/concurrent/locks/AbstractQueuedSynchronizer$SharedNode
Event: 111.972 Loading class java/util/concurrent/locks/AbstractQueuedSynchronizer$SharedNode done
Event: 111.976 Loading class java/util/AbstractMap$2
Event: 111.976 Loading class java/util/AbstractMap$2 done
Event: 111.976 Loading class java/util/AbstractMap$2$1
Event: 111.976 Loading class java/util/AbstractMap$2$1 done
Event: 111.984 Loading class java/io/FileOutputStream$1
Event: 111.984 Loading class java/io/FileOutputStream$1 done
Event: 112.035 Loading class java/lang/ref/Finalizer$2
Event: 112.035 Loading class java/lang/ref/Finalizer$2 done
Event: 112.035 Loading class java/lang/ref/Finalizer$1
Event: 112.035 Loading class java/lang/ref/Finalizer$1 done

Classes unloaded (5 events):
Event: 112.001 Thread 0x00000276a24a50a0 Unloading class 0x0000000801ac0400 'jdk/internal/reflect/GeneratedSerializationConstructorAccessor39'
Event: 112.001 Thread 0x00000276a24a50a0 Unloading class 0x0000000801ac0000 'jdk/internal/reflect/GeneratedSerializationConstructorAccessor38'
Event: 112.001 Thread 0x00000276a24a50a0 Unloading class 0x0000000801abdc00 'jdk/internal/reflect/GeneratedSerializationConstructorAccessor37'
Event: 112.001 Thread 0x00000276a24a50a0 Unloading class 0x0000000801abd800 'jdk/internal/reflect/GeneratedSerializationConstructorAccessor36'
Event: 112.001 Thread 0x00000276a24a50a0 Unloading class 0x0000000801ab4800 'jdk/internal/reflect/GeneratedSerializationConstructorAccessor35'

Classes redefined (0 events):
No events

Internal exceptions (20 events):
Event: 17.528 Thread 0x00000276a8ca9050 Exception <a 'java/lang/ClassNotFoundException'{0x0000000709fee1e0}: org/thymeleaf/engine/ElementTagStructureHandlerBeanInfo> (0x0000000709fee1e0) 
thrown [s\open\src\hotspot\share\classfile\systemDictionary.cpp, line 255]
Event: 17.529 Thread 0x00000276a8ca9050 Exception <a 'java/lang/ClassNotFoundException'{0x0000000709ff8338}: org/thymeleaf/engine/ElementTagStructureHandlerCustomizer> (0x0000000709ff8338) 
thrown [s\open\src\hotspot\share\classfile\systemDictionary.cpp, line 255]
Event: 17.529 Thread 0x00000276a8ca9050 Exception <a 'java/lang/NoSuchMethodError'{0x0000000709c0bcf0}: 'void java.lang.invoke.DirectMethodHandle$Holder.invokeInterface(java.lang.Object, java.lang.Object, java.lang.Object, int)'> (0x0000000709c0bcf0) 
thrown [s\open\src\hotspot\share\interpreter\linkResolver.cpp, line 774]
Event: 17.529 Thread 0x00000276a8ca9050 Exception <a 'java/lang/NoSuchMethodError'{0x0000000709c102f8}: 'void java.lang.invoke.DirectMethodHandle$Holder.invokeSpecial(java.lang.Object, java.lang.Object, java.lang.Object, java.lang.Object, int)'> (0x0000000709c102f8) 
thrown [s\open\src\hotspot\share\interpreter\linkResolver.cpp, line 774]
Event: 17.529 Thread 0x00000276a8ca9050 Exception <a 'java/lang/NoSuchMethodError'{0x0000000709c14280}: 'void java.lang.invoke.DelegatingMethodHandle$Holder.reinvoke_L(java.lang.Object, java.lang.Object, java.lang.Object, int)'> (0x0000000709c14280) 
thrown [s\open\src\hotspot\share\interpreter\linkResolver.cpp, line 774]
Event: 17.530 Thread 0x00000276a8ca9050 Exception <a 'java/lang/NoSuchMethodError'{0x0000000709c1e798}: 'java.lang.Object java.lang.invoke.DelegatingMethodHandle$Holder.delegate(java.lang.Object, java.lang.Object, java.lang.Object, java.lang.Object, int)'> (0x0000000709c1e798) 
thrown [s\open\src\hotspot\share\interpreter\linkResolver.cpp, line 774]
Event: 17.530 Thread 0x00000276a8ca9050 Exception <a 'java/lang/NoSuchMethodError'{0x0000000709c2e630}: 'int java.lang.invoke.DirectMethodHandle$Holder.invokeSpecial(java.lang.Object, java.lang.Object, java.lang.Object, java.lang.Object, int)'> (0x0000000709c2e630) 
thrown [s\open\src\hotspot\share\interpreter\linkResolver.cpp, line 774]
Event: 17.552 Thread 0x00000276a8ca6b20 Exception <a 'java/lang/NoSuchMethodError'{0x0000000709cb7c70}: 'java.lang.Object java.lang.invoke.DirectMethodHandle$Holder.invokeStatic(java.lang.Object, int, int)'> (0x0000000709cb7c70) 
thrown [s\open\src\hotspot\share\interpreter\linkResolver.cpp, line 774]
Event: 20.075 Thread 0x00000276a8ca45f0 Exception <a 'java/lang/NoSuchMethodError'{0x00000007099b68f0}: 'java.lang.Object java.lang.invoke.DelegatingMethodHandle$Holder.reinvoke_L(java.lang.Object, java.lang.Object, int, int, java.lang.Object, java.lang.Object)'> (0x00000007099b68f0) 
thrown [s\open\src\hotspot\share\interpreter\linkResolver.cpp, line 774]
Event: 22.155 Thread 0x00000276a8ca40a0 Exception <a 'java/lang/NoSuchMethodError'{0x00000007095e7ee0}: 'java.lang.Object java.lang.invoke.DirectMethodHandle$Holder.invokeVirtual(java.lang.Object, java.lang.Object, long, java.lang.Object)'> (0x00000007095e7ee0) 
thrown [s\open\src\hotspot\share\interpreter\linkResolver.cpp, line 774]
Event: 22.155 Thread 0x00000276a8ca40a0 Exception <a 'java/lang/NoSuchMethodError'{0x00000007095ec110}: 'long java.lang.invoke.DirectMethodHandle$Holder.invokeStatic(java.lang.Object, java.lang.Object, int)'> (0x00000007095ec110) 
thrown [s\open\src\hotspot\share\interpreter\linkResolver.cpp, line 774]
Event: 22.155 Thread 0x00000276a8ca40a0 Exception <a 'java/lang/NoSuchMethodError'{0x00000007095f3348}: 'java.lang.Object java.lang.invoke.DelegatingMethodHandle$Holder.reinvoke_L(java.lang.Object, java.lang.Object, long, java.lang.Object)'> (0x00000007095f3348) 
thrown [s\open\src\hotspot\share\interpreter\linkResolver.cpp, line 774]
Event: 22.156 Thread 0x00000276a8ca40a0 Exception <a 'java/lang/NoSuchMethodError'{0x000000070920a4f0}: 'void java.lang.invoke.DelegatingMethodHandle$Holder.reinvoke_L(java.lang.Object, java.lang.Object, long)'> (0x000000070920a4f0) 
thrown [s\open\src\hotspot\share\interpreter\linkResolver.cpp, line 774]
Event: 22.171 Thread 0x00000276a8ca40a0 Exception <a 'java/lang/NoSuchMethodError'{0x00000007092f2ed8}: 'void java.lang.invoke.DirectMethodHandle$Holder.invokeSpecialIFC(java.lang.Object, java.lang.Object, int, java.lang.Object, java.lang.Object, java.lang.Object, java.lang.Object)'> (0x00000007092f2ed8) 
thrown [s\open\src\hotspot\share\interpreter\linkResolver.cpp, line 774]
Event: 36.043 Thread 0x00000276a8ca6080 Exception <a 'java/lang/NoSuchMethodError'{0x0000000709827708}: 'java.lang.Object java.lang.invoke.DelegatingMethodHandle$Holder.reinvoke_L(java.lang.Object, java.lang.Object, int, int, java.lang.Object)'> (0x0000000709827708) 
thrown [s\open\src\hotspot\share\interpreter\linkResolver.cpp, line 774]
Event: 36.053 Thread 0x00000276a8ca6080 Exception <a 'java/lang/NoSuchMethodError'{0x0000000708bd5d48}: 'double java.lang.invoke.DirectMethodHandle$Holder.invokeStatic(java.lang.Object, java.lang.Object)'> (0x0000000708bd5d48) 
thrown [s\open\src\hotspot\share\interpreter\linkResolver.cpp, line 774]
Event: 36.055 Thread 0x00000276a8ca6080 Exception <a 'java/lang/NoSuchMethodError'{0x0000000708be0368}: 'void java.lang.invoke.DirectMethodHandle$Holder.invokeStatic(java.lang.Object, java.lang.Object, double)'> (0x0000000708be0368) 
thrown [s\open\src\hotspot\share\interpreter\linkResolver.cpp, line 774]
Event: 36.067 Thread 0x00000276a8ca6080 Exception <a 'java/lang/NoSuchMethodError'{0x0000000708858778}: 'void java.lang.invoke.Invokers$Holder.invokeExact_MT(java.lang.Object, java.lang.Object, int, java.lang.Object)'> (0x0000000708858778) 
thrown [s\open\src\hotspot\share\interpreter\linkResolver.cpp, line 774]
Event: 41.248 Thread 0x00000276a8ca45f0 Exception <a 'sun/nio/fs/WindowsException'{0x00000007082ec900}> (0x00000007082ec900) 
thrown [s\open\src\hotspot\share\prims\jni.cpp, line 517]
Event: 111.987 Thread 0x00000276a7dcb760 Exception <a 'java/lang/InterruptedException'{0x000000070ce590c8}: sleep interrupted> (0x000000070ce590c8) 
thrown [s\open\src\hotspot\share\prims\jvm.cpp, line 3103]

VM Operations (20 events):
Event: 39.227 Executing VM operation: HandshakeAllThreads
Event: 39.227 Executing VM operation: HandshakeAllThreads done
Event: 39.227 Executing VM operation: Cleanup
Event: 39.227 Executing VM operation: Cleanup done
Event: 40.232 Executing VM operation: Cleanup
Event: 40.232 Executing VM operation: Cleanup done
Event: 41.246 Executing VM operation: Cleanup
Event: 41.246 Executing VM operation: Cleanup done
Event: 41.354 Executing VM operation: G1CollectForAllocation
Event: 41.364 Executing VM operation: G1CollectForAllocation done
Event: 45.396 Executing VM operation: Cleanup
Event: 45.396 Executing VM operation: Cleanup done
Event: 59.564 Executing VM operation: Cleanup
Event: 59.564 Executing VM operation: Cleanup done
Event: 69.661 Executing VM operation: Cleanup
Event: 69.661 Executing VM operation: Cleanup done
Event: 103.993 Executing VM operation: Cleanup
Event: 103.993 Executing VM operation: Cleanup done
Event: 111.987 Executing VM operation: G1CollectFull
Event: 112.035 Executing VM operation: G1CollectFull done

Events (20 events):
Event: 111.973 Thread 0x00000276a8ca6b20 Thread exited: 0x00000276a8ca6b20
Event: 111.973 Thread 0x00000276a8ca7070 Thread exited: 0x00000276a8ca7070
Event: 111.973 Thread 0x00000276a8ca9050 Thread exited: 0x00000276a8ca9050
Event: 111.973 Thread 0x00000276a8ca95a0 Thread exited: 0x00000276a8ca95a0
Event: 111.973 Thread 0x00000276a8ca5b30 Thread exited: 0x00000276a8ca5b30
Event: 111.973 Thread 0x00000276a8ca4b40 Thread exited: 0x00000276a8ca4b40
Event: 111.973 Thread 0x00000276a8ca6080 Thread exited: 0x00000276a8ca6080
Event: 111.973 Thread 0x00000276a8ca3b50 Thread exited: 0x00000276a8ca3b50
Event: 111.973 Thread 0x00000276a8ca45f0 Thread exited: 0x00000276a8ca45f0
Event: 111.978 Thread 0x00000276a68e3150 Thread added: 0x00000276a68e3150
Event: 111.978 Thread 0x00000276a68e36e0 Thread added: 0x00000276a68e36e0
Event: 111.981 Thread 0x00000276a8ca8b00 Thread added: 0x00000276a8ca8b00
Event: 111.981 Thread 0x00000276a7dcc750 Thread exited: 0x00000276a7dcc750
Event: 111.981 Thread 0x00000276a8ca8b00 Thread exited: 0x00000276a8ca8b00
Event: 111.987 Thread 0x00000276a7dcdc90 Thread exited: 0x00000276a7dcdc90
Event: 111.987 Thread 0x00000276a7dcb760 Thread exited: 0x00000276a7dcb760
Event: 111.987 Thread 0x00000276a7dcd740 Thread exited: 0x00000276a7dcd740
Event: 112.035 Thread 0x00000276a8ca6080 Thread added: 0x00000276a8ca6080
Event: 112.036 Thread 0x00000276a8caaae0 Thread added: 0x00000276a8caaae0
Event: 112.036 Thread 0x00000276a8ca6080 Thread exited: 0x00000276a8ca6080


Dynamic libraries:
0x00007ff7931d0000 - 0x00007ff7931e0000 	C:\Program Files\Java\jdk-19\bin\java.exe
0x00007ff8195b0000 - 0x00007ff8197a8000 	C:\WINDOWS\SYSTEM32\ntdll.dll
0x00007ff817d70000 - 0x00007ff817e31000 	C:\WINDOWS\System32\KERNEL32.DLL
0x00007ff816d00000 - 0x00007ff816ff6000 	C:\WINDOWS\System32\KERNELBASE.dll
0x00007ff8171c0000 - 0x00007ff8172c0000 	C:\WINDOWS\System32\ucrtbase.dll
0x00007ff80e9a0000 - 0x00007ff80e9b8000 	C:\Program Files\Java\jdk-19\bin\jli.dll
0x00007ff8175e0000 - 0x00007ff817690000 	C:\WINDOWS\System32\ADVAPI32.dll
0x00007ff80d970000 - 0x00007ff80d98b000 	C:\Program Files\Java\jdk-19\bin\VCRUNTIME140.dll
0x00007ff817eb0000 - 0x00007ff817f4e000 	C:\WINDOWS\System32\msvcrt.dll
0x00007ff818760000 - 0x00007ff818800000 	C:\WINDOWS\System32\sechost.dll
0x00007ff819440000 - 0x00007ff819563000 	C:\WINDOWS\System32\RPCRT4.dll
0x00007ff817120000 - 0x00007ff817147000 	C:\WINDOWS\System32\bcrypt.dll
0x00007ff819240000 - 0x00007ff8193df000 	C:\WINDOWS\System32\USER32.dll
0x00007ff817560000 - 0x00007ff817582000 	C:\WINDOWS\System32\win32u.dll
0x00007ff817f50000 - 0x00007ff817f7b000 	C:\WINDOWS\System32\GDI32.dll
0x00007ff817000000 - 0x00007ff817117000 	C:\WINDOWS\System32\gdi32full.dll
0x00007ff816c60000 - 0x00007ff816cfd000 	C:\WINDOWS\System32\msvcp_win.dll
0x00007ff80f770000 - 0x00007ff80fa0a000 	C:\WINDOWS\WinSxS\amd64_microsoft.windows.common-controls_6595b64144ccf1df_6.0.19041.4355_none_60b8b9eb71f62e16\COMCTL32.dll
0x00007ff8120b0000 - 0x00007ff8120ba000 	C:\WINDOWS\SYSTEM32\VERSION.dll
0x00007ff8177c0000 - 0x00007ff8177ef000 	C:\WINDOWS\System32\IMM32.DLL
0x00007ff814280000 - 0x00007ff81428c000 	C:\Program Files\Java\jdk-19\bin\vcruntime140_1.dll
0x00007ffff6650000 - 0x00007ffff66de000 	C:\Program Files\Java\jdk-19\bin\msvcp140.dll
0x00007fffc8a30000 - 0x00007fffc96f0000 	C:\Program Files\Java\jdk-19\bin\server\jvm.dll
0x00007ff803960000 - 0x00007ff803987000 	C:\WINDOWS\SYSTEM32\WINMM.dll
0x00007fffddd50000 - 0x00007fffddd59000 	C:\WINDOWS\SYSTEM32\WSOCK32.dll
0x00007ff8184f0000 - 0x00007ff81855b000 	C:\WINDOWS\System32\WS2_32.dll
0x00007ff814ac0000 - 0x00007ff814ad2000 	C:\WINDOWS\SYSTEM32\kernel.appcore.dll
0x00007ff813cf0000 - 0x00007ff813cfa000 	C:\Program Files\Java\jdk-19\bin\jimage.dll
0x00007ff8017c0000 - 0x00007ff8019a4000 	C:\WINDOWS\SYSTEM32\DBGHELP.DLL
0x00007ff8013f0000 - 0x00007ff801424000 	C:\WINDOWS\SYSTEM32\dbgcore.DLL
0x00007ff8172c0000 - 0x00007ff817342000 	C:\WINDOWS\System32\bcryptPrimitives.dll
0x00007ff80ebe0000 - 0x00007ff80ebee000 	C:\Program Files\Java\jdk-19\bin\instrument.dll
0x00007ff802620000 - 0x00007ff802646000 	C:\Program Files\Java\jdk-19\bin\java.dll
0x00007ffff6570000 - 0x00007ffff6647000 	C:\Program Files\Java\jdk-19\bin\jsvml.dll
0x00007ff818ad0000 - 0x00007ff81923c000 	C:\WINDOWS\System32\SHELL32.dll
0x00007ff814cc0000 - 0x00007ff81545e000 	C:\WINDOWS\SYSTEM32\windows.storage.dll
0x00007ff817f80000 - 0x00007ff8182d3000 	C:\WINDOWS\System32\combase.dll
0x00007ff816530000 - 0x00007ff81655e000 	C:\WINDOWS\SYSTEM32\Wldp.dll
0x00007ff8182e0000 - 0x00007ff8183ad000 	C:\WINDOWS\System32\OLEAUT32.dll
0x00007ff818440000 - 0x00007ff8184ed000 	C:\WINDOWS\System32\SHCORE.dll
0x00007ff8193e0000 - 0x00007ff819435000 	C:\WINDOWS\System32\shlwapi.dll
0x00007ff816b90000 - 0x00007ff816bb4000 	C:\WINDOWS\SYSTEM32\profapi.dll
0x00007ff802670000 - 0x00007ff802688000 	C:\Program Files\Java\jdk-19\bin\zip.dll
0x00007ff80c020000 - 0x00007ff80c033000 	C:\Program Files\Java\jdk-19\bin\net.dll
0x00007ff80f040000 - 0x00007ff80f14a000 	C:\WINDOWS\SYSTEM32\WINHTTP.dll
0x00007ff8162b0000 - 0x00007ff81631a000 	C:\WINDOWS\system32\mswsock.dll
0x00007ff80b6e0000 - 0x00007ff80b6f6000 	C:\Program Files\Java\jdk-19\bin\nio.dll
0x00007ff8026d0000 - 0x00007ff8026ea000 	C:\Program Files\JetBrains\IntelliJ IDEA 2023.2.5\bin\breakgen64.dll
0x00007ff810b50000 - 0x00007ff810b58000 	C:\Program Files\Java\jdk-19\bin\extnet.dll
0x00007ff815ff0000 - 0x00007ff8160ba000 	C:\WINDOWS\SYSTEM32\DNSAPI.dll
0x00007ff815fb0000 - 0x00007ff815feb000 	C:\WINDOWS\SYSTEM32\IPHLPAPI.DLL
0x00007ff8183b0000 - 0x00007ff8183b8000 	C:\WINDOWS\System32\NSI.dll
0x00007ff80e5d0000 - 0x00007ff80e5da000 	C:\Windows\System32\rasadhlp.dll
0x00007ff80da60000 - 0x00007ff80dae0000 	C:\WINDOWS\System32\fwpuclnt.dll
0x00007ff80ebd0000 - 0x00007ff80ebda000 	C:\Program Files\Java\jdk-19\bin\management.dll
0x00007ff8025f0000 - 0x00007ff8025fb000 	C:\Program Files\Java\jdk-19\bin\management_ext.dll
0x00007ff8178d0000 - 0x00007ff8178d8000 	C:\WINDOWS\System32\PSAPI.DLL
0x00007ff8164e0000 - 0x00007ff8164f8000 	C:\WINDOWS\SYSTEM32\CRYPTSP.dll
0x00007ff815bf0000 - 0x00007ff815c24000 	C:\WINDOWS\system32\rsaenh.dll
0x00007ff816b00000 - 0x00007ff816b2e000 	C:\WINDOWS\SYSTEM32\USERENV.dll
0x00007ff816440000 - 0x00007ff81644c000 	C:\WINDOWS\SYSTEM32\CRYPTBASE.dll
0x00007ff810470000 - 0x00007ff810487000 	C:\WINDOWS\SYSTEM32\dhcpcsvc6.DLL
0x00007ff80fd60000 - 0x00007ff80fd7d000 	C:\WINDOWS\SYSTEM32\dhcpcsvc.DLL
0x00007ffffd330000 - 0x00007ffffd347000 	C:\WINDOWS\system32\napinsp.dll
0x00007ffffd310000 - 0x00007ffffd32b000 	C:\WINDOWS\system32\pnrpnsp.dll
0x00007ff811140000 - 0x00007ff811155000 	C:\WINDOWS\system32\wshbth.dll
0x00007ff813940000 - 0x00007ff81395d000 	C:\WINDOWS\system32\NLAapi.dll
0x00007ffffd1d0000 - 0x00007ffffd1e2000 	C:\WINDOWS\System32\winrnr.dll
0x00007ff8025e0000 - 0x00007ff8025ee000 	C:\Program Files\Java\jdk-19\bin\sunmscapi.dll
0x00007ff817400000 - 0x00007ff81755e000 	C:\WINDOWS\System32\CRYPT32.dll
0x00007ff816620000 - 0x00007ff816649000 	C:\WINDOWS\SYSTEM32\ncrypt.dll
0x00007ff8165c0000 - 0x00007ff8165fb000 	C:\WINDOWS\SYSTEM32\NTASN1.dll
0x00007ff8025d0000 - 0x00007ff8025e0000 	C:\Program Files\Java\jdk-19\bin\verify.dll
0x00007ff814260000 - 0x00007ff814267000 	C:\WINDOWS\system32\wshunix.dll

dbghelp: loaded successfully - version: 4.0.5 - missing functions: none
symbol engine: initialized successfully - sym options: 0x614 - pdb path: .;C:\Program Files\Java\jdk-19\bin;C:\WINDOWS\SYSTEM32;C:\WINDOWS\WinSxS\amd64_microsoft.windows.common-controls_6595b64144ccf1df_6.0.19041.4355_none_60b8b9eb71f62e16;C:\Program Files\Java\jdk-19\bin\server;C:\Program Files\JetBrains\IntelliJ IDEA 2023.2.5\bin

VM Arguments:
jvm_args: -Duser.country=PL -Duser.language=pl -XX:TieredStopAtLevel=1 -Dspring.profiles.active=dev -Dspring.output.ansi.enabled=always -Dcom.sun.management.jmxremote -Dspring.jmx.enabled=true -Dspring.liveBeansView.mbeanDomain -Dspring.application.admin.enabled=true -Dmanagement.endpoints.jmx.exposure.include=* -javaagent:C:\Program Files\JetBrains\IntelliJ IDEA 2023.2.5\lib\idea_rt.jar=52385:C:\Program Files\JetBrains\IntelliJ IDEA 2023.2.5\bin -Dfile.encoding=UTF-8 -Dsun.stdout.encoding=UTF-8 -Dsun.stderr.encoding=UTF-8 
java_command: com.example.recipes.RecipesApplication
java_class_path (initial): C:\Users\barte\IdeaProjects\recipes\target\classes;C:\Users\barte\.m2\repository\org\springframework\boot\spring-boot-starter-data-jpa\3.2.5\spring-boot-starter-data-jpa-3.2.5.jar;C:\Users\barte\.m2\repository\org\springframework\boot\spring-boot-starter-aop\3.2.5\spring-boot-starter-aop-3.2.5.jar;C:\Users\barte\.m2\repository\org\aspectj\aspectjweaver\1.9.22\aspectjweaver-1.9.22.jar;C:\Users\barte\.m2\repository\org\springframework\boot\spring-boot-starter-jdbc\3.2.5\spring-boot-starter-jdbc-3.2.5.jar;C:\Users\barte\.m2\repository\com\zaxxer\HikariCP\5.0.1\HikariCP-5.0.1.jar;C:\Users\barte\.m2\repository\org\springframework\spring-jdbc\6.1.6\spring-jdbc-6.1.6.jar;C:\Users\barte\.m2\repository\org\hibernate\orm\hibernate-core\6.4.4.Final\hibernate-core-6.4.4.Final.jar;C:\Users\barte\.m2\repository\jakarta\persistence\jakarta.persistence-api\3.1.0\jakarta.persistence-api-3.1.0.jar;C:\Users\barte\.m2\repository\jakarta\transaction\jakarta.transaction-api\2.0.1\jakarta.transaction-api-2.0.1.jar;C:\Users\barte\.m2\repository\org\jboss\logging\jboss-logging\3.5.3.Final\jboss-logging-3.5.3.Final.jar;C:\Users\barte\.m2\repository\org\hibernate\common\hibernate-commons-annotations\6.0.6.Final\hibernate-commons-annotations-6.0.6.Final.jar;C:\Users\barte\.m2\repository\io\smallrye\jandex\3.1.2\jandex-3.1.2.jar;C:\Users\barte\.m2\repository\com\fasterxml\classmate\1.6.0\classmate-1.6.0.jar;C:\Users\barte\.m2\repository\net\bytebuddy\byte-buddy\1.14.13\byte-buddy-1.14.13.jar;C:\Users\barte\.m2\repository\org\glassfish\jaxb\jaxb-runtime\4.0.5\jaxb-runtime-4.0.5.jar;C:\Users\barte\.m2\repository\org\glassfish\jaxb\jaxb-core\4.0.5\jaxb-core-4.0.5.jar;C:\Users\barte\.m2\repository\org\eclipse\angus\angus-activation\2.0.2\angus-activation-2.0.2.jar;C:\Users\barte\.m2\repository\org\glassfish\jaxb\txw2\4.0.5\txw2-4.0.5.jar;C:\Users\barte\.m2\repository\com\sun\istack\istack-commons-runtime\4.1.2\istack-commons-runtime-4.1.2.jar;C:\Users\barte\.m2\repository\jakarta\inject\jakarta.inject-api\2.0.1\jakarta.inject-api-2.0.1.jar;C:\Users\barte\.m2\repository\org\antlr\antlr4-runtime\4.13.0\antlr4-runtime-4.13.0.jar;C:\Users\barte\.m2\repository\org\springframework\data\spring-data-jpa\3.2.5\spring-data-jpa-3.2.5.jar;C:\Users\barte\.m2\repository\org\springframework\data\spring-data-commons\3.2.5\spring-data-commons-3.2.5.jar;C:\Users\barte\.m2\repository\org\springframework\spring-orm\6.1.6\spring-orm-6.1.6.jar;C:\Users\barte\.m2\repository\org\springframework\spring-context\6.1.6\spring-context-6.1.6.jar;C:\Users\barte\.m2\repository\org\springframework\spring-tx\6.1.6\spring-tx-6.1.6.jar;C:\Users\barte\.m2\repository\org\springframework\spring-beans\6.1.6\spring-beans-6.1.6.jar;C:\Users\barte\.m2\repository\jakarta\annotation\jakarta.annotation-api\2.1.1\jakarta.annotation-api-2.1.1.jar;C:\Users\barte\.m2\repository\org\springframework\spring-aspects\6.1.6\spring-aspects-6.1.6.jar;C:\Users\barte\.m2\repository\org\springframework\boot\spring-boot-starter-thymeleaf\3.2.5\spring-boot-starter-thymeleaf-3.2.5.jar;C:\Users\barte\.m2\repository\org\springframework\boot\spring-boot-starter\3.2.5\spring-boot-starter-3.2.5.jar;C:\Users\barte\.m2\repository\org\springframework\boot\spring-boot-starter-logging\3.2.5\spring-boot-starter-logging-3.2.5.jar;C:\Users\barte\.m2\repository\ch\qos\logback\logback-classic\1.4.14\logback-classic-1.4.14.jar;C:\Users\barte\.m2\repository\ch\qos\logback\logback-core\1.4.14\logback-core-1.4.14.jar;C:\Users\barte\.m2\repository\org\apache\logging\log4j\log4j-to-slf4j\2.21.1\log4j-to-slf4j-2.21.1.jar;C:\Users\barte\.m2\repository\org\apache\logging\log4j\log4j-api\2.21.1\log4j-api-2.21.1.jar;C:\Users\barte\.m2\repository\org\slf4j\jul-to-slf4j\2.0.13\jul-to-slf4j-2.0.13.jar;C:\Users\barte\.m2\repository\org\thymeleaf\thymeleaf-spring6\3.1.2.RELEASE\thymeleaf-spring6-3.1.2.RELEASE.jar;C:\Users\barte\.m2\repository\org\springframework\boot\spring-boot-starter-web\3.2.5\spring-boot-starter-web-3.2.5.jar;C:\Users\barte\.m2\repository\org\springframework\boot\spring-boot-starter-json\3.2.5\spring-boot-starter-json-3.2.5.jar;C:\Users\barte\.m2\repository\com\fasterxml\jackson\core\jackson-databind\2.15.4\jackson-databind-2.15.4.jar;C:\Users\barte\.m2\repository\com\fasterxml\jackson\core\jackson-annotations\2.15.4\jackson-annotations-2.15.4.jar;C:\Users\barte\.m2\repository\com\fasterxml\jackson\core\jackson-core\2.15.4\jackson-core-2.15.4.jar;C:\Users\barte\.m2\repository\com\fasterxml\jackson\datatype\jackson-datatype-jdk8\2.15.4\jackson-datatype-jdk8-2.15.4.jar;C:\Users\barte\.m2\repository\com\fasterxml\jackson\datatype\jackson-datatype-jsr310\2.15.4\jackson-datatype-jsr310-2.15.4.jar;C:\Users\barte\.m2\repository\com\fasterxml\jackson\module\jackson-module-parameter-names\2.15.4\jackson-module-parameter-names-2.15.4.jar;C:\Users\barte\.m2\repository\org\springframework\boot\spring-boot-starter-tomcat\3.2.5\spring-boot-starter-tomcat-3.2.5.jar;C:\Users\barte\.m2\repository\org\apache\tomcat\embed\tomcat-embed-core\10.1.20\tomcat-embed-core-10.1.20.jar;C:\Users\barte\.m2\repository\org\apache\tomcat\embed\tomcat-embed-el\10.1.20\tomcat-embed-el-10.1.20.jar;C:\Users\barte\.m2\repository\org\apache\tomcat\embed\tomcat-embed-websocket\10.1.20\tomcat-embed-websocket-10.1.20.jar;C:\Users\barte\.m2\repository\org\springframework\spring-web\6.1.6\spring-web-6.1.6.jar;C:\Users\barte\.m2\repository\io\micrometer\micrometer-observation\1.12.5\micrometer-observation-1.12.5.jar;C:\Users\barte\.m2\repository\io\micrometer\micrometer-commons\1.12.5\micrometer-commons-1.12.5.jar;C:\Users\barte\.m2\repository\org\springframework\spring-webmvc\6.1.6\spring-webmvc-6.1.6.jar;C:\Users\barte\.m2\repository\org\springframework\spring-expression\6.1.6\spring-expression-6.1.6.jar;C:\Users\barte\.m2\repository\org\liquibase\liquibase-core\4.24.0\liquibase-core-4.24.0.jar;C:\Users\barte\.m2\repository\com\opencsv\opencsv\5.8\opencsv-5.8.jar;C:\Users\barte\.m2\repository\org\apache\commons\commons-lang3\3.13.0\commons-lang3-3.13.0.jar;C:\Users\barte\.m2\repository\org\apache\commons\commons-text\1.10.0\commons-text-1.10.0.jar;C:\Users\barte\.m2\repository\org\apache\commons\commons-collections4\4.4\commons-collections4-4.4.jar;C:\Users\barte\.m2\repository\org\yaml\snakeyaml\2.2\snakeyaml-2.2.jar;C:\Users\barte\.m2\repository\javax\xml\bind\jaxb-api\2.3.1\jaxb-api-2.3.1.jar;C:\Users\barte\.m2\repository\commons-io\commons-io\2.16.1\commons-io-2.16.1.jar;C:\Users\barte\.m2\repository\org\springframework\boot\spring-boot-devtools\3.2.5\spring-boot-devtools-3.2.5.jar;C:\Users\barte\.m2\repository\org\springframework\boot\spring-boot\3.2.5\spring-boot-3.2.5.jar;C:\Users\barte\.m2\repository\org\springframework\boot\spring-boot-autoconfigure\3.2.5\spring-boot-autoconfigure-3.2.5.jar;C:\Users\barte\.m2\repository\com\h2database\h2\2.2.224\h2-2.2.224.jar;C:\Users\barte\.m2\repository\jakarta\xml\bind\jakarta.xml.bind-api\4.0.2\jakarta.xml.bind-api-4.0.2.jar;C:\Users\barte\.m2\repository\jakarta\activation\jakarta.activation-api\2.1.3\jakarta.activation-api-2.1.3.jar;C:\Users\barte\.m2\repository\org\springframework\spring-core\6.1.6\spring-core-6.1.6.jar;C:\Users\barte\.m2\repository\org\springframework\spring-jcl\6.1.6\spring-jcl-6.1.6.jar;C:\Users\barte\.m2\repository\org\springframework\security\spring-security-core\6.2.4\spring-security-core-6.2.4.jar;C:\Users\barte\.m2\repository\org\springframework\security\spring-security-crypto\6.2.4\spring-security-crypto-6.2.4.jar;C:\Users\barte\.m2\repository\org\springframework\security\spring-security-web\6.2.4\spring-security-web-6.2.4.jar;C:\Users\barte\.m2\repository\nz\net\ultraq\thymeleaf\thymeleaf-layout-dialect\3.3.0\thymeleaf-layout-dialect-3.3.0.jar;C:\Users\barte\.m2\repository\org\apache\groovy\groovy\4.0.21\groovy-4.0.21.jar;C:\Users\barte\.m2\repository\nz\net\ultraq\groovy\groovy-extensions\2.1.0\groovy-extensions-2.1.0.jar;C:\Users\barte\.m2\repository\nz\net\ultraq\thymeleaf\thymeleaf-expression-processor\3.2.0\thymeleaf-expression-processor-3.2.0.jar;C:\Users\barte\.m2\repository\org\thymeleaf\thymeleaf\3.1.2.RELEASE\thymeleaf-3.1.2.RELEASE.jar;C:\Users\barte\.m2\repository\ognl\ognl\3.3.4\ognl-3.3.4.jar;C:\Users\barte\.m2\repository\org\javassist\javassist\3.29.0-GA\javassist-3.29.0-GA.jar;C:\Users\barte\.m2\repository\org\attoparser\attoparser\2.0.7.RELEASE\attoparser-2.0.7.RELEASE.jar;C:\Users\barte\.m2\repository\org\unbescape\unbescape\1.1.6.RELEASE\unbescape-1.1.6.RELEASE.jar;C:\Users\barte\.m2\repository\org\slf4j\slf4j-api\2.0.13\slf4j-api-2.0.13.jar;C:\Users\barte\.m2\repository\org\springframework\boot\spring-boot-starter-security\3.2.5\spring-boot-starter-security-3.2.5.jar;C:\Users\barte\.m2\repository\org\springframework\spring-aop\6.1.6\spring-aop-6.1.6.jar;C:\Users\barte\.m2\repository\org\springframework\security\spring-security-config\6.2.4\spring-security-config-6.2.4.jar;C:\Users\barte\.m2\repository\org\thymeleaf\extras\thymeleaf-extras-springsecurity6\3.1.2.RELEASE\thymeleaf-extras-springsecurity6-3.1.2.RELEASE.jar
Launcher Type: SUN_STANDARD

[Global flags]
     intx CICompilerCount                          = 3                                         {product} {ergonomic}
     uint ConcGCThreads                            = 2                                         {product} {ergonomic}
     uint G1ConcRefinementThreads                  = 6                                         {product} {ergonomic}
   size_t G1HeapRegionSize                         = 2097152                                   {product} {ergonomic}
    uintx GCDrainStackTargetSize                   = 64                                        {product} {ergonomic}
   size_t InitialHeapSize                          = 266338304                                 {product} {ergonomic}
     bool ManagementServer                         = true                                      {product} {command line}
   size_t MarkStackSize                            = 4194304                                   {product} {ergonomic}
   size_t MaxHeapSize                              = 4261412864                                {product} {ergonomic}
   size_t MaxNewSize                               = 2556428288                                {product} {ergonomic}
   size_t MinHeapDeltaBytes                        = 2097152                                   {product} {ergonomic}
   size_t MinHeapSize                              = 8388608                                   {product} {ergonomic}
    uintx NonProfiledCodeHeapSize                  = 0                                      {pd product} {ergonomic}
     bool ProfileInterpreter                       = false                                  {pd product} {command line}
    uintx ProfiledCodeHeapSize                     = 0                                      {pd product} {ergonomic}
   size_t SoftMaxHeapSize                          = 4261412864                             {manageable} {ergonomic}
     intx TieredStopAtLevel                        = 1                                         {product} {command line}
     bool UseCompressedClassPointers               = true                           {product lp64_product} {ergonomic}
     bool UseCompressedOops                        = true                           {product lp64_product} {ergonomic}
     bool UseG1GC                                  = true                                      {product} {ergonomic}
     bool UseLargePagesIndividualAllocation        = false                                  {pd product} {ergonomic}

Logging:
Log output configuration:
 #0: stdout all=warning uptime,level,tags foldmultilines=false
 #1: stderr all=off uptime,level,tags foldmultilines=false

Environment Variables:
JAVA_HOME=C:\Program Files\Java\jdk-19
PATH=C:\Program Files (x86)\Common Files\Oracle\Java\java8path;C:\Program Files (x86)\Common Files\Oracle\Java\javapath;C:\Python311\Scripts\;C:\Python311\;C:\WINDOWS\system32;C:\WINDOWS;C:\WINDOWS\System32\Wbem;C:\WINDOWS\System32\WindowsPowerShell\v1.0\;C:\WINDOWS\System32\OpenSSH\;C:\Program Files\apache-maven-3.9.1\bin;C:\Program Files\Java\jdk-19\bin;C:\Program Files\nodejs\;C:\ProgramData\chocolatey\bin;C:\Program Files\Git\cmd;C:\Users\barte\AppData\Local\Microsoft\WindowsApps;C:\Program Files\JetBrains\IntelliJ IDEA Community Edition 2022.2.3\bin;;C:\Users\barte\AppData\Roaming\npm;C:\Users\barte\AppData\Local\GitHubDesktop\bin;C:\Users\barte\AppData\Local\Programs\Microsoft VS Code\bin;C:\Program Files\JetBrains\IntelliJ IDEA 2023.2.5\bin;;C:\Program Files\MySQL\MySQL Server 8.0\bin;
USERNAME=barte
OS=Windows_NT
PROCESSOR_IDENTIFIER=Intel64 Family 6 Model 158 Stepping 10, GenuineIntel
TMP=C:\Users\barte\AppData\Local\Temp
TEMP=C:\Users\barte\AppData\Local\Temp



---------------  S Y S T E M  ---------------

OS:
 Windows 10 , 64 bit Build 19041 (10.0.19041.4597)
OS uptime: 0 days 4:56 hours
Hyper-V role detected

CPU: total 6 (initial active 6) (6 cores per cpu, 1 threads per core) family 6 model 158 stepping 10 microcode 0xb4, cx8, cmov, fxsr, mmx, 3dnowpref, sse, sse2, sse3, ssse3, sse4.1, sse4.2, popcnt, lzcnt, tsc, tscinvbit, avx, avx2, aes, erms, clmul, bmi1, bmi2, adx, fma, vzeroupper, clflush, clflushopt, hv, rdtscp

Memory: 4k page, system-wide physical 16254M (4546M free)
TotalPageFile size 18686M (AvailPageFile size 3718M)
current process WorkingSet (physical memory assigned to process): 387M, peak: 387M
current process commit charge ("private bytes"): 425M, peak: 441M

vm_info: Java HotSpot(TM) 64-Bit Server VM (19.0.1+10-21) for windows-amd64 JRE (19.0.1+10-21), built on 2022-09-14T12:45:06Z by "mach5one" with MS VC++ 17.1 (VS2022)

END.
